d:\programming\c++\windowsproject1\windowsproject1\x64\debug\vc143.pdb
d:\programming\c++\windowsproject1\windowsproject1\x64\debug\vc143.idb
d:\programming\c++\windowsproject1\windowsproject1\x64\debug\windowsproject1.obj
d:\programming\c++\windowsproject1\windowsproject1\x64\debug\main.obj
d:\programming\c++\windowsproject1\windowsproject1\x64\debug\windowsproject1.res
d:\programming\c++\windowsproject1\x64\debug\windowsproject1.pdb
d:\programming\c++\windowsproject1\windowsproject1\x64\debug\windowsproject1.tlog\cl.command.1.tlog
d:\programming\c++\windowsproject1\windowsproject1\x64\debug\windowsproject1.tlog\cl.read.1.tlog
d:\programming\c++\windowsproject1\windowsproject1\x64\debug\windowsproject1.tlog\cl.write.1.tlog
d:\programming\c++\windowsproject1\windowsproject1\x64\debug\windowsproject1.tlog\link-cvtres.read.1.tlog
d:\programming\c++\windowsproject1\windowsproject1\x64\debug\windowsproject1.tlog\link-cvtres.write.1.tlog
d:\programming\c++\windowsproject1\windowsproject1\x64\debug\windowsproject1.tlog\link-rc.read.1.tlog
d:\programming\c++\windowsproject1\windowsproject1\x64\debug\windowsproject1.tlog\link-rc.write.1.tlog
d:\programming\c++\windowsproject1\windowsproject1\x64\debug\windowsproject1.tlog\link.command.1.tlog
d:\programming\c++\windowsproject1\windowsproject1\x64\debug\windowsproject1.tlog\link.read.1.tlog
d:\programming\c++\windowsproject1\windowsproject1\x64\debug\windowsproject1.tlog\link.read.2.tlog
d:\programming\c++\windowsproject1\windowsproject1\x64\debug\windowsproject1.tlog\link.write.1.tlog
d:\programming\c++\windowsproject1\windowsproject1\x64\debug\windowsproject1.tlog\rc.command.1.tlog
d:\programming\c++\windowsproject1\windowsproject1\x64\debug\windowsproject1.tlog\rc.read.1.tlog
d:\programming\c++\windowsproject1\windowsproject1\x64\debug\windowsproject1.tlog\rc.write.1.tlog
